15:33:57.644  5888 [main] INFO  com.get.StockInvoker - Calling ThreadWorker['EQN.L', 'ERET.L', 'ERM.L', 'ESNT.L', 'ESO.L', 'ESUR.L']
15:33:57.651  5895 [main] INFO  com.get.StockInvoker - Calling ThreadWorker['ETI.L', 'ETO.L', 'EUA.L', 'EUT.L', 'EVR.L', 'EWG.L']
15:33:57.652  5896 [main] INFO  com.get.StockInvoker - Calling ThreadWorker['EWI.L', 'EXO.L', 'EXPN.L', 'EXXI.L', 'EZJ.L', 'FAIC.L']
15:33:57.652  5896 [main] INFO  com.get.StockInvoker - Calling ThreadWorker['FAIR.L', 'FAN.L', 'FAS.L', 'FCCN.L', 'FCIF.L', 'FCPT.L']
15:33:57.652  5896 [main] INFO  com.get.StockInvoker - Calling ThreadWorker['FCSS.L', 'FDEV.L', 'FDI.L', 'FDM.L', 'FDSA.L', 'FEDS.IL']
15:33:57.652  5896 [main] INFO  com.get.StockInvoker - Calling ThreadWorker['FEN.L', 'FEV.L', 'FFX.L', 'FGP.L', 'FGT.L', 'FIF.L']
15:33:57.653  5897 [main] INFO  com.get.StockInvoker - Calling ThreadWorker['FISH.L', 'FIVE.IL', 'FJET.L', 'FKE.L', 'FKV1.IR', 'FLK.L']
15:33:57.653  5897 [main] INFO  com.get.StockInvoker - Calling ThreadWorker['FLX.L', 'FLYB.L', 'FMPI.L', 'FOG.L', 'FOGL.L', 'FPEO.L']
15:33:57.653  5897 [main] INFO  com.get.StockInvoker - Calling ThreadWorker['FPEZ.L', 'FPM.L', 'FQM.L', 'FRCL.L', 'FRES.L', 'FRO.L']
15:33:57.653  5897 [main] INFO  com.get.StockInvoker - Calling ThreadWorker['FSJ.L', 'FTF.L', 'FTN.L', 'FTNI.L', 'FTSC.L', 'FTV.L']
15:33:57.654  5898 [main] INFO  com.get.StockInvoker - Calling ThreadWorker['FTVI.L', 'FUTR.L', 'FXI.L', 'FXPO.L', 'GAH.L', 'GAMA.L']
15:33:57.654  5898 [main] INFO  com.get.StockInvoker - Calling ThreadWorker['GAW.L', 'GDL.L', 'GED.L', 'GEM.L', 'GEMD.L', 'GENL.L']
15:33:57.654  5898 [main] INFO  com.get.StockInvoker - Calling ThreadWorker['GFIN.L', 'GFS.L', 'GFTU.L', 'GHE.L', 'GHG.L', 'GHS.L']
15:33:57.654  5898 [main] INFO  com.get.StockInvoker - Calling ThreadWorker['GKN.L', 'GKP.L', 'GLAF.L', 'GLEN.L', 'GLIF.L', 'GLOK.L']
15:33:57.654  5898 [main] INFO  com.get.StockInvoker - Calling ThreadWorker['GLOO.L', 'GLS.L', 'GLTR.IL', 'GMD.L', 'GMR.L', 'GMS.L']
15:33:57.654  5898 [main] INFO  com.get.StockInvoker - Calling ThreadWorker['GNC.L', 'GNI.L', 'GNK.L', 'GNS.L', 'GPE.L', 'GPG.L']
15:33:57.655  5899 [main] INFO  com.get.StockInvoker - Calling ThreadWorker['GPOR.L', 'GPRT.L', 'GRI.L', 'GRL.L', 'GRN.L', 'GRPH.L']
15:33:57.655  5899 [main] INFO  com.get.StockInvoker - Calling ThreadWorker['GSK.L', 'GSS.L', 'GTLY.L', 'GTS.L', 'GVC.L', 'GWIN.L']
15:33:57.655  5899 [main] INFO  com.get.StockInvoker - Calling ThreadWorker['GWMO.L', 'GYM.L', 'HALS.IL', 'HAS.L', 'HAWK.L', 'HDD.L']
15:33:57.656  5900 [main] INFO  com.get.StockInvoker - Calling ThreadWorker['HDIV.L', 'HDY.L', 'HEAD.L', 'HER.L', 'HFD.L', 'HFEL.L']
15:33:57.656  5900 [main] INFO  com.get.StockInvoker - Calling ThreadWorker['HFG.L', 'HGT.L', 'HHI.L', 'HHPG.L', 'HHV.L', 'HHVT.L']
15:33:57.656  5900 [main] INFO  com.get.StockInvoker - Calling ThreadWorker['HICL.L', 'HIK.L', 'HINT.L', 'HL.L', 'HMLH.L', 'HMSO.L']
15:33:57.656  5900 [main] INFO  com.get.StockInvoker - Calling ThreadWorker['HNE.L', 'HNL.L', 'HNR.L', 'HOCN.L', 'HOME.L', 'HON.L']
15:33:57.657  5901 [main] INFO  com.get.StockInvoker - Calling ThreadWorker['HONY.L', 'HRI.L', 'HSBA.L', 'HSL.L', 'HSS.L', 'HSTG.L']
15:33:57.657  5901 [main] INFO  com.get.StockInvoker - Calling ThreadWorker['HSTN.L', 'HSV.L', 'HSW.IR', 'HSW.L', 'HSX.L', 'HTG.L']
15:33:57.658  5902 [main] INFO  com.get.StockInvoker - Calling ThreadWorker['HUNT.L', 'HUR.L', 'HVE.L', 'HVPE.L', 'HWDN.L', 'HYDG.L']
15:33:57.658  5902 [main] INFO  com.get.StockInvoker - Calling ThreadWorker['HYG.L', 'HYUD.IL', 'IAE.L', 'IAG.L', 'IAP.L', 'IBM.L']
15:33:57.658  5902 [main] INFO  com.get.StockInvoker - Calling ThreadWorker['IBSA.L', 'IBST.L', 'IBT.L', 'ICGC.L', 'ICP.L', 'IDHC.L']
15:33:57.658  5902 [main] INFO  com.get.StockInvoker - Calling ThreadWorker['IE1C.L', 'IEH.L', 'IERE.L', 'IGAS.L', 'IGE.L', 'IGG.L']
15:33:57.658  5902 [main] INFO  com.get.StockInvoker - Calling ThreadWorker['IGV.L', 'IHC.L', 'IHG.L', 'IKK.L', 'IMG.L', 'IMI.L']
15:33:57.658  5902 [main] INFO  com.get.StockInvoker - Calling ThreadWorker['IMT.L', 'INCA.L', 'INCH.L', 'INDV.L', 'INF.L', 'INFI.L']
15:33:57.658  5902 [main] INFO  com.get.StockInvoker - Calling ThreadWorker['INLZ.L', 'INM.L', 'INPP.L', 'INSC.L', 'INSE.L', 'INV.L']
15:33:57.659  5903 [main] INFO  com.get.StockInvoker - Calling ThreadWorker['IOG.L', 'ION1.L', 'IONB.L', 'IPEL.L', 'IPF.L', 'IPO.L']
15:33:57.659  5903 [main] INFO  com.get.StockInvoker - Calling ThreadWorker['ISAT.L', 'ITM.L', 'ITRK.L', 'ITV.L', 'IVI.L', 'IVPG.L']
15:33:57.660  5904 [main] INFO  com.get.StockInvoker - Calling ThreadWorker['IVPM.L', 'IVPU.L', 'JAI.L', 'JAM.L', 'JCH.L', 'JD.L']
15:33:57.660  5904 [main] INFO  com.get.StockInvoker - Calling ThreadWorker['JDG.L', 'JDS.L', 'JDT.L', 'JDTC.L', 'JDTZ.L', 'JDW.L']
15:33:57.661  5905 [main] INFO  com.get.StockInvoker - Calling ThreadWorker['JE.L', 'JEL.L', 'JEMI.L', 'JEO.L', 'JESC.L', 'JETG.L']
15:33:57.661  5905 [main] INFO  com.get.StockInvoker - Calling ThreadWorker['JEV.IR', 'JFJ.L', 'JGCI.L', 'JHDA.L', 'JIGI.L', 'JII.L']
15:33:57.661  5905 [main] INFO  com.get.StockInvoker - Calling ThreadWorker['JIL.L', 'JIM.L', 'JKX.L', 'JLEN.L', 'JLF.L', 'JLG.L']
15:33:57.661  5905 [main] INFO  com.get.StockInvoker - Calling ThreadWorker['JLH.L', 'JLIF.L', 'JLP.L', 'JLT.L', 'JMAT.L', 'JMF.L']
15:33:57.661  5905 [main] INFO  com.get.StockInvoker - Calling ThreadWorker['JMG.L', 'JMI.L', 'JMIS.L', 'JNY.L', 'JOG.L', 'JPE.L']
15:33:57.661  5905 [main] INFO  com.get.StockInvoker - Calling ThreadWorker['JPEC.L', 'JPEI.L', 'JPG.L', 'JPIU.L', 'JPIZ.L', 'JPM.L']
15:33:57.662  5906 [main] INFO  com.get.StockInvoker - Calling ThreadWorker['JPR.L', 'JPRL.L', 'JPSS.L', 'JPSZ.L', 'JPZZ.L', 'JQW.L']
15:33:57.662  5906 [main] INFO  com.get.StockInvoker - Calling ThreadWorker['JRG.L', 'JRIC.L', 'JSG.L', 'JSI.L', 'JUB.L', 'JUP.L']
15:33:57.662  5906 [main] INFO  com.get.StockInvoker - Calling ThreadWorker['JUS.L', 'JUSC.L', 'JWNG.L', 'JZCN.L', 'JZCP.L', 'JZCX.L']
15:33:57.662  5906 [main] INFO  com.get.StockInvoker - Calling ThreadWorker['JZCZ.L', 'KAKU.L', 'KAY.L', 'KAZ.L', 'KBC.L', 'KBE.L']
15:33:57.662  5906 [main] INFO  com.get.StockInvoker - Calling ThreadWorker['KBT.L', 'KCOM.L', 'KDR.L', 'KEA.L', 'KEFI.L', 'KEM.L']
15:33:57.662  5906 [main] INFO  com.get.StockInvoker - Calling ThreadWorker['KENV.L', 'KFX.L', 'KGF.L', 'KGLD.L', 'KGP.L', 'KIBO.L']
15:33:57.662  5906 [main] INFO  com.get.StockInvoker - Calling ThreadWorker['KIE.L', 'KIT.L', 'KLBT.L', 'KLG.L', 'KLN.L', 'KLR.L']
15:33:57.663  5907 [main] INFO  com.get.StockInvoker - Calling ThreadWorker['KMGA.L', 'KMK.L', 'KMR.L', 'KNM.L', 'KNOS.L', 'KSK.L']
15:33:57.663  5907 [main] INFO  com.get.StockInvoker - Calling ThreadWorker['KUL.L', 'KWE.L', 'KYGA.L', 'LAD.L', 'LAM.L', 'LAND.L']
15:33:57.663  5907 [main] INFO  com.get.StockInvoker - Calling ThreadWorker['LBB.L', 'LCG.L', 'LEAF.L', 'LEAL.L', 'LED.L', 'LEK.L']
15:33:57.663  5907 [main] INFO  com.get.StockInvoker - Calling ThreadWorker['LEN.L', 'LGEN.L', 'LGLD.IL', 'LIVN.L', 'LKOD.IL', 'LLD2.L']
15:33:57.663  5907 [main] INFO  com.get.StockInvoker - Calling ThreadWorker['LLOY.L', 'LLPG.L', 'LLPL.L', 'LMI.L', 'LMIF.L', 'LMIN.L']
15:33:57.663  5907 [main] INFO  com.get.StockInvoker - Calling ThreadWorker['LNTR.L', 'LOGP.L', 'LRD.L', 'LRE.L', 'LRM.L', 'LSLI.L']
15:33:57.663  5907 [main] INFO  com.get.StockInvoker - Calling ThreadWorker['LTHM.L', 'LTI.L', 'LTTD.IL', 'LVD.L', 'LVRT.L', 'LWDB.L']
15:33:57.664  5908 [main] INFO  com.get.StockInvoker - Calling ThreadWorker['LWI.L', 'LWRF.L', 'LXB.L', 'MAB.L', 'MAB1.L', 'MAFL.L']
15:33:57.664  5908 [main] INFO  com.get.StockInvoker - Calling ThreadWorker['MAIL.IL', 'MARS.L', 'MAV4.L', 'MAW.L', 'MBC.L', 'MCB.L']
15:33:57.664  5908 [main] INFO  com.get.StockInvoker - Calling ThreadWorker['MCLS.L', 'MCON.L', 'MCRO.L', 'MCS.L', 'MEL.L', 'MERC.L']
15:33:57.664  5908 [main] INFO  com.get.StockInvoker - Calling ThreadWorker['MERL.L', 'MGAM.L', 'MGGT.L', 'MGHP.L', 'MGHU.L', 'MGHZ.L']
15:33:57.664  5908 [main] INFO  com.get.StockInvoker - Calling ThreadWorker['MGNT.IL', 'MHN.L', 'MIG.L', 'MIG2.L', 'MIG3.L', 'MIG4.L']
15:33:57.664  5908 [main] INFO  com.get.StockInvoker - Calling ThreadWorker['MIG5.L', 'MIN.L', 'MIO.L', 'MIX.L', 'MJW.L', 'MKLW.L']
15:33:57.665  5909 [main] INFO  com.get.StockInvoker - Calling ThreadWorker['MKS.L', 'MLC.L', 'MLD.L', 'MNDI.L', 'MNKS.L', 'MNOD.IL']
15:33:57.665  5909 [main] INFO  com.get.StockInvoker - Calling ThreadWorker['MNP.L', 'MNZS.L', 'MOIL.L', 'MOLD.IL', 'MONI.L', 'MPE.L']
