15:33:57.595  5839 [main] INFO  com.get.StockInvoker - Calling ThreadWorker['BKIC.L', 'BKIR.L', 'BKSA.L', 'BKY.L', 'BLCK.L', 'BLNX.L']
15:33:57.612  5856 [main] INFO  com.get.StockInvoker - Calling ThreadWorker['BLT.L', 'BLUR.L', 'BME.L', 'BMR.L', 'BMT.L', 'BMTO.L']
15:33:57.614  5858 [main] INFO  com.get.StockInvoker - Calling ThreadWorker['BNC.L', 'BNKR.L', 'BNR.L', 'BNZL.L', 'BOE.L', 'BOIL.L']
15:33:57.614  5858 [main] INFO  com.get.StockInvoker - Calling ThreadWorker['BOK.L', 'BOO.L', 'BP.L', 'BPKD.IL', 'BPTY.L', 'BRBY.L']
15:33:57.615  5859 [main] INFO  com.get.StockInvoker - Calling ThreadWorker['BRFI.L', 'BRGE.L', 'BRIG.L', 'BRSC.L', 'BRW.L', 'BRWM.L']
15:33:57.615  5859 [main] INFO  com.get.StockInvoker - Calling ThreadWorker['BSC.L', 'BSY.L', 'BT-A.L', 'BWNG.L', 'BWO.L', 'BWRA.L']
15:33:57.615  5859 [main] INFO  com.get.StockInvoker - Calling ThreadWorker['BWY.L', 'BYG.L', 'BYOT.L', 'C4XD.L', 'CAMK.L', 'CAPC.L']
15:33:57.616  5860 [main] INFO  com.get.StockInvoker - Calling ThreadWorker['CARD.L', 'CAZA.L', 'CBG.L', 'CBM.L', 'CCC.L', 'CCH.L']
15:33:57.616  5860 [main] INFO  com.get.StockInvoker - Calling ThreadWorker['CCJI.L', 'CCPG.L', 'CDI.L', 'CEY.L', 'CFU.L', 'CGH.L']
15:33:57.616  5860 [main] INFO  com.get.StockInvoker - Calling ThreadWorker['CGLO.L', 'CGNR.L', 'CHAL.L', 'CHG.L', 'CHOO.L', 'CHRT.L']
15:33:57.616  5860 [main] INFO  com.get.StockInvoker - Calling ThreadWorker['CHT.L', 'CICZ.L', 'CIN.L', 'CIR.L', 'CIRC.L', 'CKN.L']
15:33:57.617  5861 [main] INFO  com.get.StockInvoker - Calling ThreadWorker['CLDN.L', 'CLIG.L', 'CLNR.L', 'CMBN.L', 'CMHY.L', 'CNA.L']
15:33:57.618  5862 [main] INFO  com.get.StockInvoker - Calling ThreadWorker['CNE.L', 'CNEL.L', 'CNG.L', 'CNMI.L', 'COB.L', 'COMS.L']
15:33:57.618  5862 [main] INFO  com.get.StockInvoker - Calling ThreadWorker['COPL.L', 'CPG.L', 'CPI.L', 'CR3.L', 'CR3B.L', 'CRA.L']
15:33:57.619  5863 [main] INFO  com.get.StockInvoker - Calling ThreadWorker['CRAW.L', 'CRDA.L', 'CREI.L', 'CROS.L', 'CRPR.L', 'CRW.L']
15:33:57.619  5863 [main] INFO  com.get.StockInvoker - Calling ThreadWorker['CRWN.L', 'CSFG.L', 'CSR.L', 'CTAG.L', 'CTP.L', 'CTY.L']
15:33:57.620  5864 [main] INFO  com.get.StockInvoker - Calling ThreadWorker['CWC.L', 'CYS.L', 'CZA.L', 'D467.L', 'D4SA.L', 'D4SO.L']
15:33:57.620  5864 [main] INFO  com.get.StockInvoker - Calling ThreadWorker['DAL.L', 'DAN.L', 'DCI.L', 'DDDD.L', 'DEB.L', 'DEMG.L']
15:33:57.620  5864 [main] INFO  com.get.StockInvoker - Calling ThreadWorker['DFX.L', 'DGB.L', 'DGE.L', 'DGS.L', 'DIA.L', 'DIG.L']
15:33:57.620  5864 [main] INFO  com.get.StockInvoker - Calling ThreadWorker['DIGC.L', 'DIVI.L', 'DJI.L', 'DLAR.L', 'DLG.L', 'DLN.L']
15:33:57.621  5865 [main] INFO  com.get.StockInvoker - Calling ThreadWorker['DMCA.L', 'DMGT.L', 'DNE.L', 'DNLM.L', 'DNO.L', 'DO1B.L']
15:33:57.621  5865 [main] INFO  com.get.StockInvoker - Calling ThreadWorker['DO1C.L', 'DO1O.L', 'DOM.L', 'DOR.L', 'DOTD.L', 'DP2A.L']
15:33:57.622  5866 [main] INFO  com.get.StockInvoker - Calling ThreadWorker['DP2C.L', 'DP2D.L', 'DP2E.L', 'DP2G.L', 'DP3E.L', 'DP3F.L']
15:33:57.622  5866 [main] INFO  com.get.StockInvoker - Calling ThreadWorker['DP3H.L', 'DPLM.L', 'DPV6.L', 'DPV7.L', 'DQE.L', 'DRG.L']
15:33:57.623  5867 [main] INFO  com.get.StockInvoker - Calling ThreadWorker['DRS.IR', 'DRS.L', 'DRTY.L', 'DRV.L', 'DRX.L', 'DSC.L']
15:33:57.623  5867 [main] INFO  com.get.StockInvoker - Calling ThreadWorker['DSN.L', 'DTC.L', 'DUKE.L', 'DUPD.L', 'DVO.L', 'DVW.L']
15:33:57.623  5867 [main] INFO  com.get.StockInvoker - Calling ThreadWorker['DVWA.L', 'DWHA.L', 'DWHT.L', 'EAS.L', 'EBIV.L', 'EBQ.L']
15:33:57.624  5868 [main] INFO  com.get.StockInvoker - Calling ThreadWorker['ECK.L', 'ECM.L', 'ECV.L', 'ECWO.L', 'ECWZ.L', 'EDGC.L']
15:33:57.624  5868 [main] INFO  com.get.StockInvoker - Calling ThreadWorker['EDGD.L', 'EDGE.L', 'EDGF.L', 'EDIN.L', 'EDP.L', 'EDR.L']
15:33:57.624  5868 [main] INFO  com.get.StockInvoker - Calling ThreadWorker['EDV.L', 'EFM.L', 'EGS.L', 'EHG.L', 'EIIB.L', 'ELA.L']
15:33:57.625  5869 [main] INFO  com.get.StockInvoker - Calling ThreadWorker['ELM.L', 'ELTA.L', 'ELTZ.L', 'EMG.L', 'EMR.L', 'ENDV.L']
15:33:57.643  5887 [main] INFO  com.get.StockInvoker - Calling ThreadWorker['ENQ.L', 'ENRT.L', 'ENTU.L', 'EOG.L', 'EPG.L', 'EPO.L']
